This is pdfTeXk, Version 3.1415926-1.40.9 (Web2C 7.5.7) (format=pdflatex 2011.3.26)  13 JUN 2011 12:36
entering extended mode
 %&-line parsing enabled.
**projekt
(./projekt.tex
LaTeX2e <2005/12/01>
Babel <v3.8l> and hyphenation patterns for english, usenglishmax, dumylang, noh
yphenation, czech, slovak, loaded.
(./include/fitthesis.cls

LaTeX Warning: You have requested document class `include/fitthesis',
               but the document class provides `fitthesis'.

Document Class: fitthesis 2007/04/13 Sablona pro BP/DP
(/usr/share/texmf-dist/tex/latex/base/report.cls
Document Class: report 2005/09/16 v1.4f Standard LaTeX document class
(/usr/share/texmf-dist/tex/latex/base/size11.clo
File: size11.clo 2005/09/16 v1.4f Standard LaTeX file (size option)
)
\c@part=\count79
\c@chapter=\count80
\c@section=\count81
\c@subsection=\count82
\c@subsubsection=\count83
\c@paragraph=\count84
\c@subparagraph=\count85
\c@figure=\count86
\c@table=\count87
\abovecaptionskip=\skip41
\belowcaptionskip=\skip42
\bibindent=\dimen102
)
(/usr/share/texmf-dist/tex/latex/amsmath/amsmath.sty
Package: amsmath 2000/07/18 v2.13 AMS math features
\@mathmargin=\skip43

For additional information on amsmath, use the `?' option.
(/usr/share/texmf-dist/tex/latex/amsmath/amstext.sty
Package: amstext 2000/06/29 v2.01

(/usr/share/texmf-dist/tex/latex/amsmath/amsgen.sty
File: amsgen.sty 1999/11/30 v2.0
\@emptytoks=\toks14
\ex@=\dimen103
))
(/usr/share/texmf-dist/tex/latex/amsmath/amsbsy.sty
Package: amsbsy 1999/11/29 v1.2d
\pmbraise@=\dimen104
)
(/usr/share/texmf-dist/tex/latex/amsmath/amsopn.sty
Package: amsopn 1999/12/14 v2.01 operator names
)
\inf@bad=\count88
LaTeX Info: Redefining \frac on input line 211.
\uproot@=\count89
\leftroot@=\count90
LaTeX Info: Redefining \overline on input line 307.
\classnum@=\count91
\DOTSCASE@=\count92
LaTeX Info: Redefining \ldots on input line 379.
LaTeX Info: Redefining \dots on input line 382.
LaTeX Info: Redefining \cdots on input line 467.
\Mathstrutbox@=\box26
\strutbox@=\box27
\big@size=\dimen105
LaTeX Font Info:    Redeclaring font encoding OML on input line 567.
LaTeX Font Info:    Redeclaring font encoding OMS on input line 568.
\macc@depth=\count93
\c@MaxMatrixCols=\count94
\dotsspace@=\muskip10
\c@parentequation=\count95
\dspbrk@lvl=\count96
\tag@help=\toks15
\row@=\count97
\column@=\count98
\maxfields@=\count99
\andhelp@=\toks16
\eqnshift@=\dimen106
\alignsep@=\dimen107
\tagshift@=\dimen108
\tagwidth@=\dimen109
\totwidth@=\dimen110
\lineht@=\dimen111
\@envbody=\toks17
\multlinegap=\skip44
\multlinetaggap=\skip45
\mathdisplay@stack=\toks18
LaTeX Info: Redefining \[ on input line 2666.
LaTeX Info: Redefining \] on input line 2667.
)
(/usr/share/texmf-dist/tex/latex/amsfonts/amssymb.sty
Package: amssymb 2002/01/22 v2.2d

(/usr/share/texmf-dist/tex/latex/amsfonts/amsfonts.sty
Package: amsfonts 2001/10/25 v2.2f
\symAMSa=\mathgroup4
\symAMSb=\mathgroup5
LaTeX Font Info:    Overwriting math alphabet `\mathfrak' in version `bold'
(Font)                  U/euf/m/n --> U/euf/b/n on input line 132.
))
(/usr/share/texmf-dist/tex/generic/babel/babel.sty
Package: babel 2008/07/06 v3.8l The Babel package

(/usr/share/texmf-dist/tex/generic/babel/czech.ldf
Language: czech 2008/07/06 v3.1a Czech support from the babel system

(/usr/share/texmf-dist/tex/generic/babel/babel.def
File: babel.def 2008/07/06 v3.8l Babel common definitions
\babel@savecnt=\count100
\U@D=\dimen112
)
Package babel Info: Making " an active character on input line 172.
\cs@wordlen=\count101
Package babel Info: Making - an active character on input line 226.
)
(/usr/share/texmf-dist/tex/generic/babel/english.ldf
Language: english 2005/03/30 v3.3o English support from the babel system
\l@british = a dialect from \language\l@english 
\l@UKenglish = a dialect from \language\l@english 
\l@canadian = a dialect from \language\l@american 
\l@australian = a dialect from \language\l@british 
\l@newzealand = a dialect from \language\l@british 
))
(/usr/share/texmf-dist/tex/latex/base/inputenc.sty
Package: inputenc 2006/05/05 v1.1b Input encoding file
\inpenc@prehook=\toks19
\inpenc@posthook=\toks20

(/usr/share/texmf-dist/tex/latex/base/utf8.def
File: utf8.def 2006/03/30 v1.1i UTF-8 support for inputenc
Now handling font encoding OML ...
... no UTF-8 mapping file for font encoding OML
Now handling font encoding T1 ...
... processing UTF-8 mapping file for font encodingT1

(/usr/share/texmf-dist/tex/latex/base/t1enc.dfu
File: t1enc.dfu 2006/03/30 v1.1i UTF-8 support for inputenc
   defining Unicode char U+00A1 (decimal 161)
   defining Unicode char U+00A3 (decimal 163)
   defining Unicode char U+00AB (decimal 171)
   defining Unicode char U+00BB (decimal 187)
   defining Unicode char U+00BF (decimal 191)
   defining Unicode char U+00C0 (decimal 192)
   defining Unicode char U+00C1 (decimal 193)
   defining Unicode char U+00C2 (decimal 194)
   defining Unicode char U+00C3 (decimal 195)
   defining Unicode char U+00C4 (decimal 196)
   defining Unicode char U+00C5 (decimal 197)
   defining Unicode char U+00C6 (decimal 198)
   defining Unicode char U+00C7 (decimal 199)
   defining Unicode char U+00C8 (decimal 200)
   defining Unicode char U+00C9 (decimal 201)
   defining Unicode char U+00CA (decimal 202)
   defining Unicode char U+00CB (decimal 203)
   defining Unicode char U+00CC (decimal 204)
   defining Unicode char U+00CD (decimal 205)
   defining Unicode char U+00CE (decimal 206)
   defining Unicode char U+00CF (decimal 207)
   defining Unicode char U+00D0 (decimal 208)
   defining Unicode char U+00D1 (decimal 209)
   defining Unicode char U+00D2 (decimal 210)
   defining Unicode char U+00D3 (decimal 211)
   defining Unicode char U+00D4 (decimal 212)
   defining Unicode char U+00D5 (decimal 213)
   defining Unicode char U+00D6 (decimal 214)
   defining Unicode char U+00D8 (decimal 216)
   defining Unicode char U+00D9 (decimal 217)
   defining Unicode char U+00DA (decimal 218)
   defining Unicode char U+00DB (decimal 219)
   defining Unicode char U+00DC (decimal 220)
   defining Unicode char U+00DD (decimal 221)
   defining Unicode char U+00DE (decimal 222)
   defining Unicode char U+00DF (decimal 223)
   defining Unicode char U+00E0 (decimal 224)
   defining Unicode char U+00E1 (decimal 225)
   defining Unicode char U+00E2 (decimal 226)
   defining Unicode char U+00E3 (decimal 227)
   defining Unicode char U+00E4 (decimal 228)
   defining Unicode char U+00E5 (decimal 229)
   defining Unicode char U+00E6 (decimal 230)
   defining Unicode char U+00E7 (decimal 231)
   defining Unicode char U+00E8 (decimal 232)
   defining Unicode char U+00E9 (decimal 233)
   defining Unicode char U+00EA (decimal 234)
   defining Unicode char U+00EB (decimal 235)
   defining Unicode char U+00EC (decimal 236)
   defining Unicode char U+00ED (decimal 237)
   defining Unicode char U+00EE (decimal 238)
   defining Unicode char U+00EF (decimal 239)
   defining Unicode char U+00F0 (decimal 240)
   defining Unicode char U+00F1 (decimal 241)
   defining Unicode char U+00F2 (decimal 242)
   defining Unicode char U+00F3 (decimal 243)
   defining Unicode char U+00F4 (decimal 244)
   defining Unicode char U+00F5 (decimal 245)
   defining Unicode char U+00F6 (decimal 246)
   defining Unicode char U+00F8 (decimal 248)
   defining Unicode char U+00F9 (decimal 249)
   defining Unicode char U+00FA (decimal 250)
   defining Unicode char U+00FB (decimal 251)
   defining Unicode char U+00FC (decimal 252)
   defining Unicode char U+00FD (decimal 253)
   defining Unicode char U+00FE (decimal 254)
   defining Unicode char U+00FF (decimal 255)
   defining Unicode char U+0102 (decimal 258)
   defining Unicode char U+0103 (decimal 259)
   defining Unicode char U+0104 (decimal 260)
   defining Unicode char U+0105 (decimal 261)
   defining Unicode char U+0106 (decimal 262)
   defining Unicode char U+0107 (decimal 263)
   defining Unicode char U+010C (decimal 268)
   defining Unicode char U+010D (decimal 269)
   defining Unicode char U+010E (decimal 270)
   defining Unicode char U+010F (decimal 271)
   defining Unicode char U+0110 (decimal 272)
   defining Unicode char U+0111 (decimal 273)
   defining Unicode char U+0118 (decimal 280)
   defining Unicode char U+0119 (decimal 281)
   defining Unicode char U+011A (decimal 282)
   defining Unicode char U+011B (decimal 283)
   defining Unicode char U+011E (decimal 286)
   defining Unicode char U+011F (decimal 287)
   defining Unicode char U+0130 (decimal 304)
   defining Unicode char U+0131 (decimal 305)
   defining Unicode char U+0132 (decimal 306)
   defining Unicode char U+0133 (decimal 307)
   defining Unicode char U+0139 (decimal 313)
   defining Unicode char U+013A (decimal 314)
   defining Unicode char U+013D (decimal 317)
   defining Unicode char U+013E (decimal 318)
   defining Unicode char U+0141 (decimal 321)
   defining Unicode char U+0142 (decimal 322)
   defining Unicode char U+0143 (decimal 323)
   defining Unicode char U+0144 (decimal 324)
   defining Unicode char U+0147 (decimal 327)
   defining Unicode char U+0148 (decimal 328)
   defining Unicode char U+014A (decimal 330)
   defining Unicode char U+014B (decimal 331)
   defining Unicode char U+0150 (decimal 336)
   defining Unicode char U+0151 (decimal 337)
   defining Unicode char U+0152 (decimal 338)
   defining Unicode char U+0153 (decimal 339)
   defining Unicode char U+0154 (decimal 340)
   defining Unicode char U+0155 (decimal 341)
   defining Unicode char U+0158 (decimal 344)
   defining Unicode char U+0159 (decimal 345)
   defining Unicode char U+015A (decimal 346)
   defining Unicode char U+015B (decimal 347)
   defining Unicode char U+015E (decimal 350)
   defining Unicode char U+015F (decimal 351)
   defining Unicode char U+0160 (decimal 352)
   defining Unicode char U+0161 (decimal 353)
   defining Unicode char U+0162 (decimal 354)
   defining Unicode char U+0163 (decimal 355)
   defining Unicode char U+0164 (decimal 356)
   defining Unicode char U+0165 (decimal 357)
   defining Unicode char U+016E (decimal 366)
   defining Unicode char U+016F (decimal 367)
   defining Unicode char U+0170 (decimal 368)
   defining Unicode char U+0171 (decimal 369)
   defining Unicode char U+0178 (decimal 376)
   defining Unicode char U+0179 (decimal 377)
   defining Unicode char U+017A (decimal 378)
   defining Unicode char U+017B (decimal 379)
   defining Unicode char U+017C (decimal 380)
   defining Unicode char U+017D (decimal 381)
   defining Unicode char U+017E (decimal 382)
   defining Unicode char U+200C (decimal 8204)
   defining Unicode char U+2013 (decimal 8211)
   defining Unicode char U+2014 (decimal 8212)
   defining Unicode char U+2018 (decimal 8216)
   defining Unicode char U+2019 (decimal 8217)
   defining Unicode char U+201A (decimal 8218)
   defining Unicode char U+201C (decimal 8220)
   defining Unicode char U+201D (decimal 8221)
   defining Unicode char U+201E (decimal 8222)
   defining Unicode char U+2030 (decimal 8240)
   defining Unicode char U+2031 (decimal 8241)
   defining Unicode char U+2039 (decimal 8249)
   defining Unicode char U+203A (decimal 8250)
   defining Unicode char U+2423 (decimal 9251)
)
Now handling font encoding OT1 ...
... processing UTF-8 mapping file for font encodingOT1

(/usr/share/texmf-dist/tex/latex/base/ot1enc.dfu
File: ot1enc.dfu 2006/03/30 v1.1i UTF-8 support for inputenc
   defining Unicode char U+00A1 (decimal 161)
   defining Unicode char U+00A3 (decimal 163)
   defining Unicode char U+00B8 (decimal 184)
   defining Unicode char U+00BF (decimal 191)
   defining Unicode char U+00C5 (decimal 197)
   defining Unicode char U+00C6 (decimal 198)
   defining Unicode char U+00D8 (decimal 216)
   defining Unicode char U+00DF (decimal 223)
   defining Unicode char U+00E6 (decimal 230)
   defining Unicode char U+00EC (decimal 236)
   defining Unicode char U+00ED (decimal 237)
   defining Unicode char U+00EE (decimal 238)
   defining Unicode char U+00EF (decimal 239)
   defining Unicode char U+00F8 (decimal 248)
   defining Unicode char U+0131 (decimal 305)
   defining Unicode char U+0141 (decimal 321)
   defining Unicode char U+0142 (decimal 322)
   defining Unicode char U+0152 (decimal 338)
   defining Unicode char U+0153 (decimal 339)
   defining Unicode char U+2013 (decimal 8211)
   defining Unicode char U+2014 (decimal 8212)
   defining Unicode char U+2018 (decimal 8216)
   defining Unicode char U+2019 (decimal 8217)
   defining Unicode char U+201C (decimal 8220)
   defining Unicode char U+201D (decimal 8221)
)
Now handling font encoding OMS ...
... processing UTF-8 mapping file for font encodingOMS

(/usr/share/texmf-dist/tex/latex/base/omsenc.dfu
File: omsenc.dfu 2006/03/30 v1.1i UTF-8 support for inputenc
   defining Unicode char U+00A7 (decimal 167)
   defining Unicode char U+00B6 (decimal 182)
   defining Unicode char U+00B7 (decimal 183)
   defining Unicode char U+2020 (decimal 8224)
   defining Unicode char U+2021 (decimal 8225)
   defining Unicode char U+2022 (decimal 8226)
)
Now handling font encoding OMX ...
... no UTF-8 mapping file for font encoding OMX
Now handling font encoding U ...
... no UTF-8 mapping file for font encoding U
   defining Unicode char U+00A9 (decimal 169)
   defining Unicode char U+00AA (decimal 170)
   defining Unicode char U+00AE (decimal 174)
   defining Unicode char U+00BA (decimal 186)
   defining Unicode char U+02C6 (decimal 710)
   defining Unicode char U+02DC (decimal 732)
   defining Unicode char U+200C (decimal 8204)
   defining Unicode char U+2026 (decimal 8230)
   defining Unicode char U+2122 (decimal 8482)
   defining Unicode char U+2423 (decimal 9251)
))
(/usr/share/texmf-dist/tex/latex/graphics/graphicx.sty
Package: graphicx 1999/02/16 v1.0f Enhanced LaTeX Graphics (DPC,SPQR)

(/usr/share/texmf-dist/tex/latex/graphics/keyval.sty
Package: keyval 1999/03/16 v1.13 key=value parser (DPC)
\KV@toks@=\toks21
)
(/usr/share/texmf-dist/tex/latex/graphics/graphics.sty
Package: graphics 2006/02/20 v1.0o Standard LaTeX Graphics (DPC,SPQR)

(/usr/share/texmf-dist/tex/latex/graphics/trig.sty
Package: trig 1999/03/16 v1.09 sin cos tan (DPC)
)
(/usr/share/texmf/tex/latex/config/graphics.cfg
File: graphics.cfg 2007/01/18 v1.5 graphics configuration of teTeX/TeXLive
)
Package graphics Info: Driver file: pdftex.def on input line 90.

(/usr/share/texmf-dist/tex/latex/pdftex-def/pdftex.def
File: pdftex.def 2008/07/16 v0.04k Graphics/color for pdfTeX
\Gread@gobject=\count102
))
\Gin@req@height=\dimen113
\Gin@req@width=\dimen114
)
\mkspc=\skip46
)
(/usr/share/texmf-dist/tex/latex/base/fontenc.sty
Package: fontenc 2005/09/27 v1.99g Standard LaTeX package

(/usr/share/texmf-dist/tex/latex/base/t1enc.def
File: t1enc.def 2005/09/27 v1.99g Standard LaTeX file
LaTeX Font Info:    Redeclaring font encoding T1 on input line 43.
)
(/usr/share/texmf-dist/tex/latex/cslatex/il2enc.def
File: il2enc.def 1997/08/20 CSLaTeX
Now handling font encoding IL2 ...
... no UTF-8 mapping file for font encoding IL2
)
LaTeX Font Info:    Try loading font information for IL2+cmr on input line 100.


(/usr/share/texmf-dist/tex/latex/cslatex/il2cmr.fd
File: il2cmr.fd 1997/02/06 CSLaTeX font definitions
))
(/usr/share/texmf-dist/tex/latex/ltxmisc/url.sty
\Urlmuskip=\muskip11
Package: url 2006/04/12  ver 3.3  Verb mode for urls, etc.
)
(/usr/share/texmf-dist/tex/latex/microtype/microtype.sty
Package: microtype 2008/06/04 v2.3b Micro-typography with pdfTeX (RS)
\MT@toks=\toks22
\MT@count=\count103
LaTeX Info: Redefining \lsstyle on input line 1553.
LaTeX Info: Redefining \lslig on input line 1553.
\MT@outer@space=\skip47
LaTeX Info: Redefining \textls on input line 1554.
\MT@outer@kern=\dimen115
LaTeX Info: Redefining \textmicrotypecontext on input line 2094.
Package microtype Info: Loading configuration file microtype.cfg.

(/usr/share/texmf-dist/tex/latex/microtype/microtype.cfg
File: microtype.cfg 2008/06/04 v2.3b microtype main configuration file (RS)
))
(/usr/share/texmf-dist/tex/latex/listings/listings.sty
\lst@mode=\count104
\lst@gtempboxa=\box28
\lst@token=\toks23
\lst@length=\count105
\lst@currlwidth=\dimen116
\lst@column=\count106
\lst@pos=\count107
\lst@lostspace=\dimen117
\lst@width=\dimen118
\lst@newlines=\count108
\lst@lineno=\count109
\lst@maxwidth=\dimen119

(/usr/share/texmf-dist/tex/latex/listings/lstmisc.sty
File: lstmisc.sty 2007/02/22 1.4 (Carsten Heinz)
\c@lstnumber=\count110
\lst@skipnumbers=\count111
\lst@framebox=\box29
)
(/usr/share/texmf-dist/tex/latex/listings/listings.cfg
File: listings.cfg 2007/02/22 1.4 listings configuration
))
Package: listings 2007/02/22 1.4 (Carsten Heinz)

(/usr/share/texmf-dist/tex/latex/hyperref/hyperref.sty
Package: hyperref 2008/08/14 v6.78f Hypertext links for LaTeX

(/usr/share/texmf-dist/tex/generic/oberdiek/ifpdf.sty
Package: ifpdf 2007/12/12 v1.6 Provides the ifpdf switch (HO)
Package ifpdf Info: pdfTeX in pdf mode detected.
)
(/usr/share/texmf-dist/tex/generic/oberdiek/ifvtex.sty
Package: ifvtex 2007/09/09 v1.3 Switches for detecting VTeX and its modes (HO)
Package ifvtex Info: VTeX not detected.
)
(/usr/share/texmf-dist/tex/generic/ifxetex/ifxetex.sty
Package: ifxetex 2006/08/21 v0.3 Provides ifxetex conditional
)
(/usr/share/texmf-dist/tex/latex/oberdiek/hycolor.sty
Package: hycolor 2008/08/01 v1.3 Code for color options of hyperref/bookmark (H
O)

(/usr/share/texmf-dist/tex/latex/oberdiek/xcolor-patch.sty
Package: xcolor-patch 2008/08/01 xcolor patch
))
\@linkdim=\dimen120
\Hy@linkcounter=\count112
\Hy@pagecounter=\count113

(/usr/share/texmf-dist/tex/latex/hyperref/pd1enc.def
File: pd1enc.def 2008/08/14 v6.78f Hyperref: PDFDocEncoding definition (HO)
Now handling font encoding PD1 ...
... no UTF-8 mapping file for font encoding PD1
)
(/usr/share/texmf-dist/tex/generic/oberdiek/etexcmds.sty
Package: etexcmds 2007/12/12 v1.2 Prefix for e-TeX command names (HO)

(/usr/share/texmf-dist/tex/generic/oberdiek/infwarerr.sty
Package: infwarerr 2007/09/09 v1.2 Providing info/warning/message (HO)
)
Package etexcmds Info: Could not find \expanded.
(etexcmds)             That can mean that you are not using pdfTeX 1.50 or
(etexcmds)             that some package has redefined \expanded.
(etexcmds)             In the latter case, load this package earlier.
)
(/usr/share/texmf/tex/latex/config/hyperref.cfg
File: hyperref.cfg 2002/06/06 v1.2 hyperref configuration of TeXLive
)
(/usr/share/texmf-dist/tex/latex/oberdiek/kvoptions.sty
Package: kvoptions 2007/10/18 v3.0 Keyval support for LaTeX options (HO)
)
Package hyperref Info: Option `unicode' set `true' on input line 2765.

(/usr/share/texmf-dist/tex/latex/hyperref/puenc.def
File: puenc.def 2008/08/14 v6.78f Hyperref: PDF Unicode definition (HO)
Now handling font encoding PU ...
... no UTF-8 mapping file for font encoding PU
)
Package hyperref Info: Option `colorlinks' set `true' on input line 2765.
Package hyperref Info: Hyper figures OFF on input line 2876.
Package hyperref Info: Link nesting OFF on input line 2881.
Package hyperref Info: Hyper index ON on input line 2884.
Package hyperref Info: Plain pages OFF on input line 2891.
Package hyperref Info: Backreferencing OFF on input line 2896.

Implicit mode ON; LaTeX internals redefined
Package hyperref Info: Bookmarks ON on input line 3086.
LaTeX Info: Redefining \url on input line 3272.
(/usr/share/texmf-dist/tex/generic/oberdiek/bitset.sty
Package: bitset 2007/09/28 v1.0 Data type bit set (HO)

(/usr/share/texmf-dist/tex/generic/oberdiek/intcalc.sty
Package: intcalc 2007/09/27 v1.1 Expandable integer calculations (HO)
)
(/usr/share/texmf-dist/tex/generic/oberdiek/bigintcalc.sty
Package: bigintcalc 2007/11/11 v1.1 Expandable big integer calculations (HO)

(/usr/share/texmf-dist/tex/generic/oberdiek/pdftexcmds.sty
Package: pdftexcmds 2007/12/12 v0.3 LuaTeX support for pdfTeX utility functions
 (HO)
Package pdftexcmds Info: LuaTeX not detected on input line 139.
)))
(/usr/share/texmf-dist/tex/generic/oberdiek/kvsetkeys.sty
Package: kvsetkeys 2007/09/29 v1.3 Key value parser with default handler suppor
t (HO)
)
\Fld@menulength=\count114
\Field@Width=\dimen121
\Fld@charsize=\dimen122
\Field@toks=\toks24
Package hyperref Info: Hyper figures OFF on input line 4189.
Package hyperref Info: Link nesting OFF on input line 4194.
Package hyperref Info: Hyper index ON on input line 4197.
Package hyperref Info: backreferencing OFF on input line 4204.
Package hyperref Info: Link coloring ON on input line 4207.
Package hyperref Info: Link coloring with OCG OFF on input line 4214.
Package hyperref Info: PDF/A mode OFF on input line 4219.

(/usr/share/texmf-dist/tex/generic/oberdiek/atbegshi.sty
Package: atbegshi 2008/07/31 v1.9 At begin shipout hook (HO)
)
\Hy@abspage=\count115
\c@Item=\count116
\c@Hfootnote=\count117
)
*hyperref using default driver hpdftex*
(/usr/share/texmf-dist/tex/latex/hyperref/hpdftex.def
File: hpdftex.def 2008/08/14 v6.78f Hyperref driver for pdfTeX
\Fld@listcount=\count118
) (./projekt.aux

LaTeX Warning: Label `sinTex' multiply defined.


LaTeX Warning: Label `scriptInstruments' multiply defined.


LaTeX Warning: Label `adsrFIG' multiply defined.

)
\openout1 = `projekt.aux'.

LaTeX Font Info:    Checking defaults for OML/cmm/m/it on input line 55.
LaTeX Font Info:    ... okay on input line 55.
LaTeX Font Info:    Checking defaults for T1/cmr/m/n on input line 55.
LaTeX Font Info:    ... okay on input line 55.
LaTeX Font Info:    Checking defaults for OT1/cmr/m/n on input line 55.
LaTeX Font Info:    ... okay on input line 55.
LaTeX Font Info:    Checking defaults for OMS/cmsy/m/n on input line 55.
LaTeX Font Info:    ... okay on input line 55.
LaTeX Font Info:    Checking defaults for OMX/cmex/m/n on input line 55.
LaTeX Font Info:    ... okay on input line 55.
LaTeX Font Info:    Checking defaults for U/cmr/m/n on input line 55.
LaTeX Font Info:    ... okay on input line 55.
LaTeX Font Info:    Checking defaults for IL2/cmr/m/n on input line 55.
LaTeX Font Info:    ... okay on input line 55.
LaTeX Font Info:    Checking defaults for PD1/pdf/m/n on input line 55.
LaTeX Font Info:    ... okay on input line 55.
LaTeX Font Info:    Checking defaults for PU/pdf/m/n on input line 55.
LaTeX Font Info:    ... okay on input line 55.
 (/usr/share/texmf-dist/tex/context/base/supp-pdf.tex
[Loading MPS to PDF converter (version 2006.09.02).]
\scratchcounter=\count119
\scratchdimen=\dimen123
\scratchbox=\box30
\nofMPsegments=\count120
\nofMParguments=\count121
\everyMPshowfont=\toks25
\MPscratchCnt=\count122
\MPscratchDim=\dimen124
\MPnumerator=\count123
\everyMPtoPDFconversion=\toks26
)
LaTeX Info: Redefining \microtypecontext on input line 55.
Package microtype Info: Generating PDF output.
Package microtype Info: Character protrusion enabled (level 2).
Package microtype Info: Using default protrusion set `alltext'.
Package microtype Info: Automatic font expansion enabled (level 2),
(microtype)             stretch: 20, shrink: 20, step: 4, non-selected.
Package microtype Info: Using default expansion set `basictext'.
Package microtype Info: No tracking.
Package microtype Info: No adjustment of interword spacing.
Package microtype Info: No adjustment of character kerning.
 (/usr/share/texmf-dist/tex/latex/microtype/mt-cmr.cfg
File: mt-cmr.cfg 2008/02/29 v1.9a microtype config. file: Computer Modern Roman
 (RS)
)
\c@lstlisting=\count124

(/usr/share/texmf-dist/tex/latex/graphics/color.sty
Package: color 2005/11/14 v1.0j Standard LaTeX Color (DPC)

(/usr/share/texmf/tex/latex/config/color.cfg
File: color.cfg 2007/01/18 v1.5 color configuration of teTeX/TeXLive
)
Package color Info: Driver file: pdftex.def on input line 130.
)
Package hyperref Info: Link coloring ON on input line 55.

(/usr/share/texmf-dist/tex/latex/hyperref/nameref.sty
Package: nameref 2007/05/29 v2.31 Cross-referencing by name of section

(/usr/share/texmf-dist/tex/latex/oberdiek/refcount.sty
Package: refcount 2008/08/11 v3.1 Data extraction from references (HO)
)
\c@section@level=\count125
)
LaTeX Info: Redefining \ref on input line 55.
LaTeX Info: Redefining \pageref on input line 55.
 (./projekt.out)
(./projekt.out)
\@outlinefile=\write3
\openout3 = `projekt.out'.

\AtBeginShipoutBox=\box31
LaTeX Font Info:    Try loading font information for IL2+phv on input line 57.
 (/usr/share/texmf-dist/tex/cslatex/base/il2phv.fd
File: il2phv.fd 1998/12/27 CS Helvetica
LaTeX Font Info:     CS Helvetica on input line 2.
LaTeX Font Info:    (C) Z. Wagner,1998/12/27 on input line 3.
LaTeX Font Info:    Created by CsPsFont utility v.1.0f (C) Z. Wagner, 1998/12/2
7 on input line 4.
)
\@obrlogo=\box32
\@rtext=\box33
\@vyskartext=\skip48
\@vyskaobr=\skip49

<fig/vut-zp2.pdf, id=299, 109.40875pt x 109.40875pt>
File: fig/vut-zp2.pdf Graphic file (type pdf)
 <use fig/vut-zp2.pdf>
Overfull \hbox (109.58464pt too wide) in paragraph at lines 57--57
[][] 
 []

<fig/fit-zp2.pdf, id=300, 120.45pt x 120.45pt>
File: fig/fit-zp2.pdf Graphic file (type pdf)
 <use fig/fit-zp2.pdf>
Overfull \hbox (109.58464pt too wide) in paragraph at lines 57--57
[][] 
 []

[1

{//var/lib/texmf/fonts/map/pdftex/updmap/pdftex.map} <./fig/vut-zp2.pdf> <./fig
/fit-zp2.pdf>]

LaTeX Font Warning: Font shape `IL2/cmr/m/n' in size <16> not available
(Font)              size <17.28> substituted on input line 57.


LaTeX Font Warning: Font shape `IL2/cmr/bx/n' in size <16> not available
(Font)              size <17.28> substituted on input line 57.

[2]

LaTeX Font Warning: Font shape `IL2/cmr/m/n' in size <18> not available
(Font)              size <17.28> substituted on input line 57.


LaTeX Font Warning: Font shape `IL2/cmr/bx/n' in size <18> not available
(Font)              size <17.28> substituted on input line 57.

LaTeX Font Info:    Try loading font information for OMS+cmr on input line 57.
(/usr/share/texmf-dist/tex/latex/base/omscmr.fd
File: omscmr.fd 1999/05/25 v2.5h Standard LaTeX font definitions
)
LaTeX Font Info:    Font shape `OMS/cmr/m/n' in size <10.95> not available
(Font)              Font shape `OMS/cmsy/m/n' tried instead on input line 57.
 [3] (./projekt.toc
LaTeX Font Info:    Try loading font information for U+msa on input line 4.

(/usr/share/texmf-dist/tex/latex/amsfonts/umsa.fd
File: umsa.fd 2002/01/19 v2.2g AMS font definitions
)
(/usr/share/texmf-dist/tex/latex/microtype/mt-msa.cfg
File: mt-msa.cfg 2006/02/04 v1.1 microtype config. file: AMS symbols (a) (RS)
)
LaTeX Font Info:    Try loading font information for U+msb on input line 4.

(/usr/share/texmf-dist/tex/latex/amsfonts/umsb.fd
File: umsb.fd 2002/01/19 v2.2g AMS font definitions
)
(/usr/share/texmf-dist/tex/latex/microtype/mt-msb.cfg
File: mt-msb.cfg 2005/06/01 v1.0 microtype config. file: AMS symbols (b) (RS)
)
LaTeX Font Info:    Try loading font information for IL2+cmtt on input line 16.


(/usr/share/texmf-dist/tex/latex/cslatex/il2cmtt.fd
File: il2cmtt.fd 1997/08/20 CSLaTeX font definitions
)pdfTeX warning (ext4): destination with the same identifier (name{page.1}) has
 been already used, duplicate ignored
<to be read again> 
                   \relax 
l.39 ...er}{\numberline {5}Textury}{12}{chapter.5}
                                                   [1


])
\tf@toc=\write4
\openout4 = `projekt.toc'.

 (./obsah.texpdfTeX warning (ext4): destination with the same identifier (name{
page.2}) has been already used, duplicate ignored
<to be read again> 
                   \relax 
l.1 \chapter
            {Úvod} [2]
Kapitola 1.
pdfTeX warning (ext4): destination with the same identifier (name{page.3}) has 
been already used, duplicate ignored
<to be read again> 
                   \relax 
l.19 \chapter
             {Framework} [3

]
Kapitola 2.
[4

] [5] [6]
Kapitola 3.
LaTeX Font Info:    Font shape `IL2/cmtt/bx/n' in size <12> not available
(Font)              Font shape `IL2/cmtt/m/n' tried instead on input line 87.
[7

]

LaTeX Warning: Reference `prepinace' on page 8 undefined on input line 133.

[8]
Kapitola 4.
<fig/degenQuad.pdf, id=456, 379.4175pt x 189.70876pt>
File: fig/degenQuad.pdf Graphic file (type pdf)
 <use fig/degenQuad.pdf>
[9

 <./fig/degenQuad.pdf>] [10] [11]
<fig/catmullClark.pdf, id=485, 760.8425pt x 392.46625pt>
File: fig/catmullClark.pdf Graphic file (type pdf)

<use fig/catmullClark.pdf> [12 <./fig/catmullClark.pdf>]
Kapitola 5.
<fig/sineTex.jpg, id=506, 193.47281pt x 193.47281pt>
File: fig/sineTex.jpg Graphic file (type jpg)
 <use fig/sineTex.jpg>

LaTeX Warning: `h' float specifier changed to `ht'.

[13

] <fig/gradTex.jpg, id=515, 192.72pt x 193.47281pt>
File: fig/gradTex.jpg Graphic file (type jpg)
 <use fig/gradTex.jpg>
[14 <./fig/sineTex.jpg> <./fig/gradTex.jpg>]
<fig/valueNoiseTex.jpg, id=527, 256.96pt x 256.96pt>
File: fig/valueNoiseTex.jpg Graphic file (type jpg)

<use fig/valueNoiseTex.jpg>
<fig/8octValueNoiseTex.jpg, id=528, 256.96pt x 256.96pt>
File: fig/8octValueNoiseTex.jpg Graphic file (type jpg)

<use fig/8octValueNoiseTex.jpg> [15 <./fig/valueNoiseTex.jpg> <./fig/8octValueN
oiseTex.jpg>] <fig/noSinDistort.jpg, id=536, 192.72pt x 192.72pt>
File: fig/noSinDistort.jpg Graphic file (type jpg)

<use fig/noSinDistort.jpg> <fig/SinDistort.jpg, id=537, 192.72pt x 192.72pt>
File: fig/SinDistort.jpg Graphic file (type jpg)

<use fig/SinDistort.jpg> [16 <./fig/noSinDistort.jpg> <./fig/SinDistort.jpg>]
<fig/marble.jpg, id=544, 188.78694pt x 192.72pt>
File: fig/marble.jpg Graphic file (type jpg)
 <use fig/marble.jpg> [17 <./fig/marble.jpg>]
Kapitola 6.
<fig/svetloGLSL.pdf, id=553, 484.51466pt x 364.7969pt>
File: fig/svetloGLSL.pdf Graphic file (type pdf)

<use fig/svetloGLSL.pdf>

LaTeX Warning: `h' float specifier changed to `ht'.

[18

] [19 <./fig/svetloGLSL.pdf>] [20]
Kapitola 7.
[21

] [22] <fig/adsr.pdf, id=604, 497.96532pt x 186.04198pt>
File: fig/adsr.pdf Graphic file (type pdf)
 <use fig/adsr.pdf>
[23 <./fig/adsr.pdf>]
Kapitola 8.
[24

] <fig/deCasteljau.pdf, id=625, 443.83345pt x 230.49539pt>
File: fig/deCasteljau.pdf Graphic file (type pdf)

<use fig/deCasteljau.pdf> [25 <./fig/deCasteljau.pdf>]
Kapitola 9.
[26

] [27]
Kapitola 10.
[28

]
Kapitola 11.
) (./projekt.bbl [29

]) (./prilohy.tex [30

]
P\v {r}\'{\i }loha A.
[31

]
P\v {r}\'{\i }loha B.
[32

] [33]
P\v {r}\'{\i }loha C.
) [34

] (./projekt.aux)

LaTeX Font Warning: Size substitutions with differences
(Font)              up to 1.28pt have occurred.


LaTeX Warning: There were undefined references.


LaTeX Warning: There were multiply-defined labels.

 ) 
Here is how much of TeX's memory you used:
 10089 strings out of 495035
 139016 string characters out of 1179536
 238014 words of memory out of 3000000
 12916 multiletter control sequences out of 10000+50000
 20237 words of font info for 59 fonts, out of 3000000 for 5000
 38 hyphenation exceptions out of 8191
 36i,8n,39p,546b,1046s stack positions out of 5000i,500n,10000p,200000b,50000s
{/usr/share/texmf-dist/fonts/enc/dvips/base/8a.enc}</usr/share/texmf-dist/fon
ts/type1/bluesky/cm/cmex10.pfb></usr/share/texmf-dist/fonts/type1/bluesky/cm/cm
mi10.pfb></usr/share/texmf-dist/fonts/type1/bluesky/cm/cmmi8.pfb></usr/share/te
xmf-dist/fonts/type1/bluesky/cm/cmr10.pfb></usr/share/texmf-dist/fonts/type1/bl
uesky/cm/cmr8.pfb></usr/share/texmf-dist/fonts/type1/bluesky/cm/cmsy10.pfb></us
r/share/texmf-dist/fonts/type1/bluesky/cm/cmsy8.pfb></usr/share/texmf-dist/font
s/type1/public/cs/csbx10.pfb></usr/share/texmf-dist/fonts/type1/public/cs/csbx1
2.pfb></usr/share/texmf-dist/fonts/type1/public/cs/csr10.pfb></usr/share/texmf-
dist/fonts/type1/public/cs/csti10.pfb></usr/share/texmf-dist/fonts/type1/public
/cs/cstt10.pfb></usr/share/texmf-dist/fonts/type1/public/cs/cstt12.pfb></usr/sh
are/texmf-dist/fonts/type1/bluesky/ams/msbm10.pfb></usr/share/texmf-dist/fonts/
type1/urw/helvetic/uhvr8a.pfb>
Output written on projekt.pdf (37 pages, 444275 bytes).
PDF statistics:
 772 PDF objects out of 1000 (max. 8388607)
 158 named destinations out of 1000 (max. 131072)
 3743 words of extra memory for PDF output out of 10000 (max. 10000000)

