\BOOKMARK [0][-]{chapter.1}{\376\377\000\332\000v\000o\000d}{}
\BOOKMARK [0][-]{chapter.2}{\376\377\000F\000r\000a\000m\000e\000w\000o\000r\000k}{}
\BOOKMARK [1][-]{section.2.1}{\376\377\000R\000o\000z\000v\000r\001\176\000e\000n\000\355\000\040\000f\000r\000a\000m\000e\000w\000o\000r\000k\000u}{chapter.2}
\BOOKMARK [2][-]{subsection.2.1.1}{\376\377\000M\000a\000n\000a\001\176\000e\000r\000\040\000m\000a\000t\000e\000r\000i\000\341\000l\001\157\000\040\000\050\000m\000a\000t\000e\000r\000i\000a\000l\000m\000a\000n\000a\000g\000e\000r\000\051}{section.2.1}
\BOOKMARK [2][-]{subsection.2.1.2}{\376\377\000M\000a\000n\000a\001\176\000e\000r\000\040\000m\000o\000d\000e\000l\001\157\000\040\000\050\000m\000e\000s\000h\000m\000a\000n\000a\000g\000e\000r\000\051}{section.2.1}
\BOOKMARK [2][-]{subsection.2.1.3}{\376\377\000M\000a\000n\000a\001\176\000e\000r\000\040\000h\000u\000d\000b\000y\000\040\000\050\000m\000u\000s\000i\000c\000m\000a\000n\000a\000g\000e\000r\000\051}{section.2.1}
\BOOKMARK [2][-]{subsection.2.1.4}{\376\377\000M\000a\000n\000a\001\176\000e\000r\000\040\000s\000c\000\351\000n\000\040\000\050\000s\000c\000e\000n\000e\000m\000a\000n\000a\000g\000e\000r\000\051}{section.2.1}
\BOOKMARK [2][-]{subsection.2.1.5}{\376\377\000M\000a\000n\000a\001\176\000e\000r\000\040\000s\000e\000k\000v\000e\000n\000c\000\355\000\040\000\050\000s\000e\000q\000u\000e\000n\000c\000e\000m\000a\000n\000a\000g\000e\000r\000\051}{section.2.1}
\BOOKMARK [2][-]{subsection.2.1.6}{\376\377\000M\000a\000n\000a\001\176\000e\000r\000\040\000t\000e\000x\000t\000u\000r\000\040\000\050\000t\000e\000x\000t\000u\000r\000e\000m\000a\000n\000a\000g\000e\000r\000\051}{section.2.1}
\BOOKMARK [2][-]{subsection.2.1.7}{\376\377\000G\000e\000n\000e\000r\000o\000v\000a\000c\000\355\000\040\000s\000k\000r\000i\000p\000t\000y}{section.2.1}
\BOOKMARK [0][-]{chapter.3}{\376\377\000K\000o\000m\000p\000i\000l\000a\000c\000e}{}
\BOOKMARK [1][-]{section.3.1}{\376\377\000P\000o\000u\001\176\000i\000t\000\351\000\040\000p\001\131\000e\000p\000\355\000n\000a\001\015\000e}{chapter.3}
\BOOKMARK [2][-]{subsection.3.1.1}{\376\377\000-\000n\000o\000s\000t\000d\000l\000i\000b\000,\000\040\000-\000n\000o\000d\000e\000f\000a\000u\000l\000t\000l\000i\000b\000s\000,\000\040\000-\000n\000o\000s\000t\000a\000r\000t\000f\000i\000l\000e\000s}{section.3.1}
\BOOKMARK [2][-]{subsection.3.1.2}{\376\377\000-\000f\000f\000a\000s\000t\000-\000m\000a\000t\000h}{section.3.1}
\BOOKMARK [2][-]{subsection.3.1.3}{\376\377\000-\000f\000u\000n\000s\000a\000f\000e\000-\000l\000o\000o\000p\000-\000o\000p\000t\000i\000m\000i\000z\000a\000t\000i\000o\000n\000s}{section.3.1}
\BOOKMARK [2][-]{subsection.3.1.4}{\376\377\000-\000f\000s\000i\000n\000g\000l\000e\000-\000p\000r\000e\000c\000i\000s\000i\000o\000n\000-\000c\000o\000n\000s\000t\000a\000n\000t}{section.3.1}
\BOOKMARK [2][-]{subsection.3.1.5}{\376\377\000-\000f\000n\000o\000-\000s\000t\000a\000c\000k\000-\000c\000h\000e\000c\000k}{section.3.1}
\BOOKMARK [2][-]{subsection.3.1.6}{\376\377\000-\000f\000n\000o\000-\000k\000e\000e\000p\000-\000i\000n\000l\000i\000n\000e\000-\000f\000u\000n\000c\000t\000i\000o\000n\000s}{section.3.1}
\BOOKMARK [2][-]{subsection.3.1.7}{\376\377\000-\000O\000s}{section.3.1}
\BOOKMARK [2][-]{subsection.3.1.8}{\376\377\000-\000s}{section.3.1}
\BOOKMARK [1][-]{section.3.2}{\376\377\000K\000o\000m\000p\000r\000e\000s\000e\000\040\000s\000p\000u\000s\000t\000i\000t\000e\000l\000n\000\351\000h\000o\000\040\000s\000o\000u\000b\000o\000r\000u}{chapter.3}
\BOOKMARK [0][-]{chapter.4}{\376\377\0003\000D\000\040\000m\000o\000d\000e\000l\000y}{}
\BOOKMARK [1][-]{section.4.1}{\376\377\000R\000e\000p\000r\000e\000z\000e\000n\000t\000a\000c\000e\000\040\000d\000a\000t\000\040\000a\000\040\000v\000y\000k\000r\000e\000s\000l\000o\000v\000\341\000n\000\355}{chapter.4}
\BOOKMARK [2][-]{subsection.4.1.1}{\376\377\000R\000e\000p\000r\000e\000z\000e\000n\000t\000a\000c\000e\000\040\000d\000a\000t}{section.4.1}
\BOOKMARK [2][-]{subsection.4.1.2}{\376\377\000V\000y\000k\000r\000e\000s\000l\000o\000v\000\341\000n\000\355}{section.4.1}
\BOOKMARK [1][-]{section.4.2}{\376\377\000K\000o\000m\000p\000r\000e\000s\000e\000\040\000m\000o\000d\000e\000l\000u}{chapter.4}
\BOOKMARK [2][-]{subsection.4.2.1}{\376\377\000N\000a\000h\000r\000\341\000n\000\355\000\040\000m\000o\000d\000e\000l\000u}{section.4.2}
\BOOKMARK [2][-]{subsection.4.2.2}{\376\377\000V\000y\001\015\000i\001\141\000t\001\033\000n\000\355\000\040\000m\000o\000d\000e\000l\000u}{section.4.2}
\BOOKMARK [2][-]{subsection.4.2.3}{\376\377\000P\001\131\000e\001\131\000a\000z\000e\000n\000\355\000\040\000v\000r\000c\000h\000o\000l\001\157}{section.4.2}
\BOOKMARK [2][-]{subsection.4.2.4}{\376\377\000V\000y\000g\000e\000n\000e\000r\000o\000v\000\341\000n\000\355\000\040\000d\000e\000l\000t\000a\000\040\000s\000o\000u\001\131\000a\000d\000n\000i\000c}{section.4.2}
\BOOKMARK [2][-]{subsection.4.2.5}{\376\377\000K\000o\000m\000p\000r\000e\000s\000e\000\040\000q\000u\000a\000d\001\157}{section.4.2}
\BOOKMARK [2][-]{subsection.4.2.6}{\376\377\000E\000x\000p\000o\000r\000t\000\040\000a\000\040\000p\000o\000u\001\176\000i\000t\000\355\000\040\000v\000\040\000d\000e\000m\000u}{section.4.2}
\BOOKMARK [1][-]{section.4.3}{\376\377\000R\000o\000t\000a\001\015\000n\000\355\000\040\000m\000o\000d\000e\000l\000y}{chapter.4}
\BOOKMARK [1][-]{section.4.4}{\376\377\000C\000a\000t\000m\000u\000l\000l\000-\000C\000l\000a\000r\000k}{chapter.4}
\BOOKMARK [2][-]{subsection.4.4.1}{\376\377\000P\000o\000p\000i\000s\000\040\000a\000l\000g\000o\000r\000i\000t\000m\000u}{section.4.4}
\BOOKMARK [0][-]{chapter.5}{\376\377\000T\000e\000x\000t\000u\000r\000y}{}
\BOOKMARK [1][-]{section.5.1}{\376\377\000G\000e\000n\000e\000r\000o\000v\000\341\000n\000\355\000\040\000t\000e\000x\000t\000u\000r}{chapter.5}
\BOOKMARK [2][-]{subsection.5.1.1}{\376\377\000S\000i\000n\000o\000v\000\341\000\040\000p\000l\000a\000z\000m\000a}{section.5.1}
\BOOKMARK [2][-]{subsection.5.1.2}{\376\377\000O\000s\000v\001\033\000t\000l\000e\000n\000\341\000\040\000k\000o\000u\000l\000e}{section.5.1}
\BOOKMARK [2][-]{subsection.5.1.3}{\376\377\000V\000a\000l\000u\000e\000\040\000n\000o\000i\000s\000e\000\040\000a\000\040\000v\000\355\000c\000e\000o\000k\000t\000\341\000v\000o\000v\000\375\000\040\000v\000a\000l\000u\000e\000\040\000n\000o\000i\000s\000e}{section.5.1}
\BOOKMARK [1][-]{section.5.2}{\376\377\000O\000p\000e\000r\000a\000c\000e\000\040\000n\000a\000d\000\040\000t\000e\000x\000t\000u\000r\000a\000m\000i}{chapter.5}
\BOOKMARK [2][-]{subsection.5.2.1}{\376\377\000S\001\015\000\355\000t\000\341\000n\000\355\000\040\000a\000\040\000o\000d\001\015\000\355\000t\000\341\000n\000\355\000\040\000t\000e\000x\000t\000u\000r}{section.5.2}
\BOOKMARK [2][-]{subsection.5.2.2}{\376\377\000N\000\341\000s\000o\000b\000e\000n\000\355\000\040\000a\000\040\000d\001\033\000l\000e\000n\000\355\000\040\000t\000e\000x\000t\000u\000r}{section.5.2}
\BOOKMARK [2][-]{subsection.5.2.3}{\376\377\000N\000e\000g\000a\000c\000e\000\040\000t\000e\000x\000t\000u\000r\000y}{section.5.2}
\BOOKMARK [1][-]{section.5.3}{\376\377\000D\000i\000s\000t\000o\000r\000z\000e}{chapter.5}
\BOOKMARK [2][-]{subsection.5.3.1}{\376\377\000S\000i\000n\000o\000v\000\341\000\040\000d\000i\000s\000t\000o\000r\000z\000e}{section.5.3}
\BOOKMARK [2][-]{subsection.5.3.2}{\376\377\000M\000r\000a\000m\000o\000r}{section.5.3}
\BOOKMARK [1][-]{section.5.4}{\376\377\000B\000a\000r\000e\000v\000n\000\351\000\040\000o\000p\000e\000r\000a\000c\000e}{chapter.5}
\BOOKMARK [1][-]{section.5.5}{\376\377\000D\000a\000l\001\141\000\355\000\040\000\372\000p\000r\000a\000v\000y\000\040\000a\000\040\000e\000f\000e\000k\000t\000y}{chapter.5}
\BOOKMARK [0][-]{chapter.6}{\376\377\000M\000a\000t\000e\000r\000i\000\341\000l\000y\000\040\000a\000\040\000s\000h\000a\000d\000e\000r\000y}{}
\BOOKMARK [1][-]{section.6.1}{\376\377\000S\000h\000a\000d\000e\000r\000y}{chapter.6}
\BOOKMARK [2][-]{subsection.6.1.1}{\376\377\000S\000h\000a\000d\000e\000r\000y\000\040\000v\000\040\000d\000e\000m\000u}{section.6.1}
\BOOKMARK [0][-]{chapter.7}{\376\377\000H\000u\000d\000b\000a}{}
\BOOKMARK [1][-]{section.7.1}{\376\377\000S\000o\000f\000t\000w\000a\000r\000o\000v\000\375\000\040\000s\000y\000n\000t\000e\000t\000i\000z\000\341\000t\000o\000r}{chapter.7}
\BOOKMARK [2][-]{subsection.7.1.1}{\376\377\000P\001\131\000e\000v\000o\000d\000\040\000a\000\040\000n\000a\000h\000r\000\341\000v\000\341\000n\000\355\000\040\000n\000\341\000s\000t\000r\000o\000j\001\157}{section.7.1}
\BOOKMARK [2][-]{subsection.7.1.2}{\376\377\000A\000D\000S\000R\000\040\000o\000b\000\341\000l\000k\000a}{section.7.1}
\BOOKMARK [0][-]{chapter.8}{\376\377\000S\000c\000\351\000n\000a}{}
\BOOKMARK [1][-]{section.8.1}{\376\377\000K\000a\000m\000e\000r\000a}{chapter.8}
\BOOKMARK [1][-]{section.8.2}{\376\377\000B\000\351\000z\000i\000e\000r\000o\000v\000y\000\040\000k\001\131\000i\000v\000k\000y}{chapter.8}
\BOOKMARK [2][-]{subsection.8.2.1}{\376\377\000A\000l\000g\000o\000r\000i\000t\000m\000u\000s\000\040\000D\000e\000\040\000C\000a\000s\000t\000e\000l\000j\000a\000u}{section.8.2}
\BOOKMARK [0][-]{chapter.9}{\376\377\000S\000e\000k\000v\000e\000n\000c\000e}{}
\BOOKMARK [1][-]{section.9.1}{\376\377\001\014\000\341\000s\000t\000\040\000f\000r\000a\000m\000e\000w\000o\000r\000k\000u}{chapter.9}
\BOOKMARK [1][-]{section.9.2}{\376\377\001\014\000\341\000s\000t\000\040\000d\000e\000m\000a}{chapter.9}
\BOOKMARK [0][-]{chapter.10}{\376\377\000V\000\375\000s\000l\000e\000d\000n\000\351\000\040\000d\000e\000m\000o}{}
\BOOKMARK [0][-]{chapter.11}{\376\377\000Z\000\341\000v\001\033\000r}{}
\BOOKMARK [0][-]{appendix.A}{\376\377\000O\000b\000s\000a\000h\000\040\000C\000D}{}
\BOOKMARK [0][-]{appendix.B}{\376\377\000M\000a\000n\000u\000\341\000l}{}
\BOOKMARK [1][-]{section.B.1}{\376\377\000P\001\131\000e\000k\000l\000a\000d\000\040\000d\000e\000m\000a}{appendix.B}
\BOOKMARK [1][-]{section.B.2}{\376\377\000S\000p\000u\001\141\000t\001\033\000n\000\355\000\040\000d\000e\000m\000a}{appendix.B}
\BOOKMARK [1][-]{section.B.3}{\376\377\000P\001\131\000e\000k\000l\000a\000d\000\040\000d\000o\000k\000u\000m\000e\000n\000t\000a\000c\000e}{appendix.B}
\BOOKMARK [2][-]{subsection.B.3.1}{\376\377\000P\001\131\000e\000k\000l\000a\000d\000\040\000t\000e\000c\000h\000n\000i\000c\000k\000\351\000\040\000z\000p\000r\000\341\000v\000y}{section.B.3}
\BOOKMARK [2][-]{subsection.B.3.2}{\376\377\000P\001\131\000e\000k\000l\000a\000d\000\040\000d\000o\000k\000u\000m\000e\000n\000t\000a\000c\000e\000\040\000v\000\040\000D\000o\000x\000y\000g\000e\000n\000u}{section.B.3}
\BOOKMARK [0][-]{appendix.C}{\376\377\000P\000l\000a\000k\000\341\000t}{}
